cl : command line warning D9035: option 'Gm' has been deprecated and will be removed in a future release
  example1.cpp
D:\NguyenVanDuong\Ki2Nam3\ĐHMT\BTL\BTL_DHMT_N5_NhaCap4\GLSLExperiment\mat.h(581,5): warning C4566: character represented by universal-character-name '\u0110' cannot be represented in the current code page (1252)
D:\NguyenVanDuong\Ki2Nam3\ĐHMT\BTL\BTL_DHMT_N5_NhaCap4\GLSLExperiment\mat.h(770,5): warning C4566: character represented by universal-character-name '\u0110' cannot be represented in the current code page (1252)
D:\NguyenVanDuong\Ki2Nam3\ĐHMT\BTL\BTL_DHMT_N5_NhaCap4\GLSLExperiment\mat.h(777,5): warning C4566: character represented by universal-character-name '\u0110' cannot be represented in the current code page (1252)
D:\NguyenVanDuong\Ki2Nam3\ĐHMT\BTL\BTL_DHMT_N5_NhaCap4\GLSLExperiment\mat.h(784,5): warning C4566: character represented by universal-character-name '\u0110' cannot be represented in the current code page (1252)
D:\NguyenVanDuong\Ki2Nam3\ĐHMT\BTL\BTL_DHMT_N5_NhaCap4\GLSLExperiment\example1.cpp(34,40): warning C4305: 'argument': truncation from 'double' to 'GLfloat'
D:\NguyenVanDuong\Ki2Nam3\ĐHMT\BTL\BTL_DHMT_N5_NhaCap4\GLSLExperiment\example1.cpp(39,43): warning C4305: 'argument': truncation from 'double' to 'GLfloat'
D:\NguyenVanDuong\Ki2Nam3\ĐHMT\BTL\BTL_DHMT_N5_NhaCap4\GLSLExperiment\example1.cpp(40,44): warning C4305: 'argument': truncation from 'double' to 'GLfloat'
D:\NguyenVanDuong\Ki2Nam3\ĐHMT\BTL\BTL_DHMT_N5_NhaCap4\GLSLExperiment\example1.cpp(176,23): warning C4305: 'initializing': truncation from 'double' to 'GLfloat'
D:\NguyenVanDuong\Ki2Nam3\ĐHMT\BTL\BTL_DHMT_N5_NhaCap4\GLSLExperiment\example1.cpp(182,51): warning C4244: 'argument': conversion from 'double' to 'const GLfloat', possible loss of data
D:\NguyenVanDuong\Ki2Nam3\ĐHMT\BTL\BTL_DHMT_N5_NhaCap4\GLSLExperiment\example1.cpp(182,40): warning C4244: 'argument': conversion from 'double' to 'const GLfloat', possible loss of data
D:\NguyenVanDuong\Ki2Nam3\ĐHMT\BTL\BTL_DHMT_N5_NhaCap4\GLSLExperiment\example1.cpp(182,27): warning C4244: 'argument': conversion from 'double' to 'const GLfloat', possible loss of data
D:\NguyenVanDuong\Ki2Nam3\ĐHMT\BTL\BTL_DHMT_N5_NhaCap4\GLSLExperiment\example1.cpp(183,58): warning C4305: 'argument': truncation from 'double' to 'GLfloat'
D:\NguyenVanDuong\Ki2Nam3\ĐHMT\BTL\BTL_DHMT_N5_NhaCap4\GLSLExperiment\example1.cpp(186,51): warning C4244: 'argument': conversion from 'double' to 'const GLfloat', possible loss of data
D:\NguyenVanDuong\Ki2Nam3\ĐHMT\BTL\BTL_DHMT_N5_NhaCap4\GLSLExperiment\example1.cpp(186,56): warning C4305: 'argument': truncation from 'double' to 'const GLfloat'
D:\NguyenVanDuong\Ki2Nam3\ĐHMT\BTL\BTL_DHMT_N5_NhaCap4\GLSLExperiment\example1.cpp(186,80): warning C4305: 'argument': truncation from 'double' to 'const GLfloat'
D:\NguyenVanDuong\Ki2Nam3\ĐHMT\BTL\BTL_DHMT_N5_NhaCap4\GLSLExperiment\example1.cpp(187,61): warning C4305: 'argument': truncation from 'double' to 'GLfloat'
D:\NguyenVanDuong\Ki2Nam3\ĐHMT\BTL\BTL_DHMT_N5_NhaCap4\GLSLExperiment\example1.cpp(190,52): warning C4305: 'argument': truncation from 'double' to 'const GLfloat'
D:\NguyenVanDuong\Ki2Nam3\ĐHMT\BTL\BTL_DHMT_N5_NhaCap4\GLSLExperiment\example1.cpp(191,61): warning C4305: 'argument': truncation from 'double' to 'GLfloat'
D:\NguyenVanDuong\Ki2Nam3\ĐHMT\BTL\BTL_DHMT_N5_NhaCap4\GLSLExperiment\example1.cpp(216,15): warning C4305: '-=': truncation from 'double' to 'GLfloat'
D:\NguyenVanDuong\Ki2Nam3\ĐHMT\BTL\BTL_DHMT_N5_NhaCap4\GLSLExperiment\example1.cpp(219,15): warning C4305: '+=': truncation from 'double' to 'GLfloat'
D:\NguyenVanDuong\Ki2Nam3\ĐHMT\BTL\BTL_DHMT_N5_NhaCap4\GLSLExperiment\example1.cpp(222,15): warning C4305: '-=': truncation from 'double' to 'GLfloat'
D:\NguyenVanDuong\Ki2Nam3\ĐHMT\BTL\BTL_DHMT_N5_NhaCap4\GLSLExperiment\example1.cpp(225,15): warning C4305: '+=': truncation from 'double' to 'GLfloat'
D:\NguyenVanDuong\Ki2Nam3\ĐHMT\BTL\BTL_DHMT_N5_NhaCap4\GLSLExperiment\example1.cpp(228,15): warning C4305: '+=': truncation from 'double' to 'GLfloat'
D:\NguyenVanDuong\Ki2Nam3\ĐHMT\BTL\BTL_DHMT_N5_NhaCap4\GLSLExperiment\example1.cpp(231,15): warning C4305: '-=': truncation from 'double' to 'GLfloat'
  GLSLExperiment.vcxproj -> D:\NguyenVanDuong\Ki2Nam3\ĐHMT\BTL\BTL_DHMT_N5_NhaCap4\Debug\GLSLExperiment.exe
